<?xml version="1.0" encoding="UTF-8"?>
<testsuite xmlns:xsi="http://www.w3.org/2001/XMLSchema-instance" xsi:noNamespaceSchemaLocation="https://maven.apache.org/surefire/maven-surefire-plugin/xsd/surefire-test-report-3.0.xsd" version="3.0" name="ui.runner.TestRunner" time="17.969" tests="1" errors="0" skipped="0" failures="1">
  <properties>
    <property name="gopherProxySet" value="false"/>
    <property name="awt.toolkit" value="sun.lwawt.macosx.LWCToolkit"/>
    <property name="file.encoding.pkg" value="sun.io"/>
    <property name="java.specification.version" value="1.8"/>
    <property name="sun.cpu.isalist" value=""/>
    <property name="sun.jnu.encoding" value="UTF-8"/>
    <property name="java.class.path" value="/Users/nijataliyev/eclipse-workspace/flow_maven/target/test-classes:/Users/nijataliyev/eclipse-workspace/flow_maven/target/classes:/Users/nijataliyev/.m2/repository/io/cucumber/cucumber-java/5.6.0/cucumber-java-5.6.0.jar:/Users/nijataliyev/.m2/repository/io/cucumber/cucumber-core/5.6.0/cucumber-core-5.6.0.jar:/Users/nijataliyev/.m2/repository/io/cucumber/cucumber-gherkin/5.6.0/cucumber-gherkin-5.6.0.jar:/Users/nijataliyev/.m2/repository/io/cucumber/cucumber-gherkin-vintage/5.6.0/cucumber-gherkin-vintage-5.6.0.jar:/Users/nijataliyev/.m2/repository/io/cucumber/tag-expressions/2.0.4/tag-expressions-2.0.4.jar:/Users/nijataliyev/.m2/repository/io/cucumber/cucumber-expressions/8.3.1/cucumber-expressions-8.3.1.jar:/Users/nijataliyev/.m2/repository/io/cucumber/datatable/3.3.1/datatable-3.3.1.jar:/Users/nijataliyev/.m2/repository/io/cucumber/cucumber-plugin/5.6.0/cucumber-plugin-5.6.0.jar:/Users/nijataliyev/.m2/repository/io/cucumber/docstring/5.6.0/docstring-5.6.0.jar:/Users/nijataliyev/.m2/repository/org/apiguardian/apiguardian-api/1.1.0/apiguardian-api-1.1.0.jar:/Users/nijataliyev/.m2/repository/io/cucumber/cucumber-junit/5.6.0/cucumber-junit-5.6.0.jar:/Users/nijataliyev/.m2/repository/junit/junit/4.13/junit-4.13.jar:/Users/nijataliyev/.m2/repository/org/hamcrest/hamcrest-core/1.3/hamcrest-core-1.3.jar:/Users/nijataliyev/.m2/repository/com/codeborne/selenide/5.10.0/selenide-5.10.0.jar:/Users/nijataliyev/.m2/repository/org/seleniumhq/selenium/selenium-java/3.141.59/selenium-java-3.141.59.jar:/Users/nijataliyev/.m2/repository/org/seleniumhq/selenium/selenium-api/3.141.59/selenium-api-3.141.59.jar:/Users/nijataliyev/.m2/repository/org/seleniumhq/selenium/selenium-chrome-driver/3.141.59/selenium-chrome-driver-3.141.59.jar:/Users/nijataliyev/.m2/repository/org/seleniumhq/selenium/selenium-edge-driver/3.141.59/selenium-edge-driver-3.141.59.jar:/Users/nijataliyev/.m2/repository/org/seleniumhq/selenium/selenium-firefox-driver/3.141.59/selenium-firefox-driver-3.141.59.jar:/Users/nijataliyev/.m2/repository/org/seleniumhq/selenium/selenium-ie-driver/3.141.59/selenium-ie-driver-3.141.59.jar:/Users/nijataliyev/.m2/repository/org/seleniumhq/selenium/selenium-opera-driver/3.141.59/selenium-opera-driver-3.141.59.jar:/Users/nijataliyev/.m2/repository/org/seleniumhq/selenium/selenium-remote-driver/3.141.59/selenium-remote-driver-3.141.59.jar:/Users/nijataliyev/.m2/repository/org/seleniumhq/selenium/selenium-safari-driver/3.141.59/selenium-safari-driver-3.141.59.jar:/Users/nijataliyev/.m2/repository/org/seleniumhq/selenium/selenium-support/3.141.59/selenium-support-3.141.59.jar:/Users/nijataliyev/.m2/repository/org/apache/commons/commons-exec/1.3/commons-exec-1.3.jar:/Users/nijataliyev/.m2/repository/com/google/guava/guava/25.0-jre/guava-25.0-jre.jar:/Users/nijataliyev/.m2/repository/com/google/code/findbugs/jsr305/1.3.9/jsr305-1.3.9.jar:/Users/nijataliyev/.m2/repository/org/checkerframework/checker-compat-qual/2.0.0/checker-compat-qual-2.0.0.jar:/Users/nijataliyev/.m2/repository/com/google/errorprone/error_prone_annotations/2.1.3/error_prone_annotations-2.1.3.jar:/Users/nijataliyev/.m2/repository/com/google/j2objc/j2objc-annotations/1.1/j2objc-annotations-1.1.jar:/Users/nijataliyev/.m2/repository/org/codehaus/mojo/animal-sniffer-annotations/1.14/animal-sniffer-annotations-1.14.jar:/Users/nijataliyev/.m2/repository/com/squareup/okhttp3/okhttp/3.11.0/okhttp-3.11.0.jar:/Users/nijataliyev/.m2/repository/com/squareup/okio/okio/1.14.0/okio-1.14.0.jar:/Users/nijataliyev/.m2/repository/io/github/bonigarcia/webdrivermanager/3.8.1/webdrivermanager-3.8.1.jar:/Users/nijataliyev/.m2/repository/com/google/code/gson/gson/2.8.5/gson-2.8.5.jar:/Users/nijataliyev/.m2/repository/org/apache/httpcomponents/httpclient/4.5.6/httpclient-4.5.6.jar:/Users/nijataliyev/.m2/repository/org/apache/httpcomponents/httpcore/4.4.10/httpcore-4.4.10.jar:/Users/nijataliyev/.m2/repository/commons-codec/commons-codec/1.10/commons-codec-1.10.jar:/Users/nijataliyev/.m2/repository/org/rauschig/jarchivelib/1.0.0/jarchivelib-1.0.0.jar:/Users/nijataliyev/.m2/repository/org/apache/commons/commons-compress/1.18/commons-compress-1.18.jar:/Users/nijataliyev/.m2/repository/org/slf4j/slf4j-api/1.7.30/slf4j-api-1.7.30.jar:/Users/nijataliyev/.m2/repository/net/masterthought/cucumber-reporting/5.1.1/cucumber-reporting-5.1.1.jar:/Users/nijataliyev/.m2/repository/com/fasterxml/jackson/core/jackson-databind/2.10.1/jackson-databind-2.10.1.jar:/Users/nijataliyev/.m2/repository/com/fasterxml/jackson/core/jackson-annotations/2.10.1/jackson-annotations-2.10.1.jar:/Users/nijataliyev/.m2/repository/com/fasterxml/jackson/core/jackson-core/2.10.1/jackson-core-2.10.1.jar:/Users/nijataliyev/.m2/repository/com/fasterxml/jackson/datatype/jackson-datatype-jsr310/2.10.1/jackson-datatype-jsr310-2.10.1.jar:/Users/nijataliyev/.m2/repository/org/apache/velocity/velocity-engine-core/2.1/velocity-engine-core-2.1.jar:/Users/nijataliyev/.m2/repository/commons-collections/commons-collections/3.2.2/commons-collections-3.2.2.jar:/Users/nijataliyev/.m2/repository/joda-time/joda-time/2.10.5/joda-time-2.10.5.jar:/Users/nijataliyev/.m2/repository/org/apache/commons/commons-lang3/3.9/commons-lang3-3.9.jar:/Users/nijataliyev/.m2/repository/commons-io/commons-io/2.6/commons-io-2.6.jar:/Users/nijataliyev/.m2/repository/org/codehaus/plexus/plexus-utils/3.3.0/plexus-utils-3.3.0.jar:/Users/nijataliyev/.m2/repository/org/jsoup/jsoup/1.12.1/jsoup-1.12.1.jar:/Users/nijataliyev/.m2/repository/com/googlecode/owasp-java-html-sanitizer/owasp-java-html-sanitizer/20191001.1/owasp-java-html-sanitizer-20191001.1.jar:/Users/nijataliyev/.m2/repository/commons-configuration/commons-configuration/1.10/commons-configuration-1.10.jar:/Users/nijataliyev/.m2/repository/commons-lang/commons-lang/2.6/commons-lang-2.6.jar:/Users/nijataliyev/.m2/repository/commons-logging/commons-logging/1.1.1/commons-logging-1.1.1.jar:"/>
    <property name="java.vm.vendor" value="Oracle Corporation"/>
    <property name="sun.arch.data.model" value="64"/>
    <property name="java.vendor.url" value="http://java.oracle.com/"/>
    <property name="user.timezone" value=""/>
    <property name="java.vm.specification.version" value="1.8"/>
    <property name="os.name" value="Mac OS X"/>
    <property name="user.country" value="US"/>
    <property name="sun.java.launcher" value="SUN_STANDARD"/>
    <property name="sun.boot.library.path" value="/Library/Java/JavaVirtualMachines/jdk1.8.0_181.jdk/Contents/Home/jre/lib"/>
    <property name="sun.java.command" value="/Users/nijataliyev/eclipse-workspace/flow_maven/target/surefire/surefirebooter9005201621261813739.jar /Users/nijataliyev/eclipse-workspace/flow_maven/target/surefire 2020-04-12T01-46-42_228-jvmRun1 surefire6284884729174159052tmp surefire_05868565469418654458tmp"/>
    <property name="http.nonProxyHosts" value="local|*.local|169.254/16|*.169.254/16"/>
    <property name="surefire.test.class.path" value="/Users/nijataliyev/eclipse-workspace/flow_maven/target/test-classes:/Users/nijataliyev/eclipse-workspace/flow_maven/target/classes:/Users/nijataliyev/.m2/repository/io/cucumber/cucumber-java/5.6.0/cucumber-java-5.6.0.jar:/Users/nijataliyev/.m2/repository/io/cucumber/cucumber-core/5.6.0/cucumber-core-5.6.0.jar:/Users/nijataliyev/.m2/repository/io/cucumber/cucumber-gherkin/5.6.0/cucumber-gherkin-5.6.0.jar:/Users/nijataliyev/.m2/repository/io/cucumber/cucumber-gherkin-vintage/5.6.0/cucumber-gherkin-vintage-5.6.0.jar:/Users/nijataliyev/.m2/repository/io/cucumber/tag-expressions/2.0.4/tag-expressions-2.0.4.jar:/Users/nijataliyev/.m2/repository/io/cucumber/cucumber-expressions/8.3.1/cucumber-expressions-8.3.1.jar:/Users/nijataliyev/.m2/repository/io/cucumber/datatable/3.3.1/datatable-3.3.1.jar:/Users/nijataliyev/.m2/repository/io/cucumber/cucumber-plugin/5.6.0/cucumber-plugin-5.6.0.jar:/Users/nijataliyev/.m2/repository/io/cucumber/docstring/5.6.0/docstring-5.6.0.jar:/Users/nijataliyev/.m2/repository/org/apiguardian/apiguardian-api/1.1.0/apiguardian-api-1.1.0.jar:/Users/nijataliyev/.m2/repository/io/cucumber/cucumber-junit/5.6.0/cucumber-junit-5.6.0.jar:/Users/nijataliyev/.m2/repository/junit/junit/4.13/junit-4.13.jar:/Users/nijataliyev/.m2/repository/org/hamcrest/hamcrest-core/1.3/hamcrest-core-1.3.jar:/Users/nijataliyev/.m2/repository/com/codeborne/selenide/5.10.0/selenide-5.10.0.jar:/Users/nijataliyev/.m2/repository/org/seleniumhq/selenium/selenium-java/3.141.59/selenium-java-3.141.59.jar:/Users/nijataliyev/.m2/repository/org/seleniumhq/selenium/selenium-api/3.141.59/selenium-api-3.141.59.jar:/Users/nijataliyev/.m2/repository/org/seleniumhq/selenium/selenium-chrome-driver/3.141.59/selenium-chrome-driver-3.141.59.jar:/Users/nijataliyev/.m2/repository/org/seleniumhq/selenium/selenium-edge-driver/3.141.59/selenium-edge-driver-3.141.59.jar:/Users/nijataliyev/.m2/repository/org/seleniumhq/selenium/selenium-firefox-driver/3.141.59/selenium-firefox-driver-3.141.59.jar:/Users/nijataliyev/.m2/repository/org/seleniumhq/selenium/selenium-ie-driver/3.141.59/selenium-ie-driver-3.141.59.jar:/Users/nijataliyev/.m2/repository/org/seleniumhq/selenium/selenium-opera-driver/3.141.59/selenium-opera-driver-3.141.59.jar:/Users/nijataliyev/.m2/repository/org/seleniumhq/selenium/selenium-remote-driver/3.141.59/selenium-remote-driver-3.141.59.jar:/Users/nijataliyev/.m2/repository/org/seleniumhq/selenium/selenium-safari-driver/3.141.59/selenium-safari-driver-3.141.59.jar:/Users/nijataliyev/.m2/repository/org/seleniumhq/selenium/selenium-support/3.141.59/selenium-support-3.141.59.jar:/Users/nijataliyev/.m2/repository/org/apache/commons/commons-exec/1.3/commons-exec-1.3.jar:/Users/nijataliyev/.m2/repository/com/google/guava/guava/25.0-jre/guava-25.0-jre.jar:/Users/nijataliyev/.m2/repository/com/google/code/findbugs/jsr305/1.3.9/jsr305-1.3.9.jar:/Users/nijataliyev/.m2/repository/org/checkerframework/checker-compat-qual/2.0.0/checker-compat-qual-2.0.0.jar:/Users/nijataliyev/.m2/repository/com/google/errorprone/error_prone_annotations/2.1.3/error_prone_annotations-2.1.3.jar:/Users/nijataliyev/.m2/repository/com/google/j2objc/j2objc-annotations/1.1/j2objc-annotations-1.1.jar:/Users/nijataliyev/.m2/repository/org/codehaus/mojo/animal-sniffer-annotations/1.14/animal-sniffer-annotations-1.14.jar:/Users/nijataliyev/.m2/repository/com/squareup/okhttp3/okhttp/3.11.0/okhttp-3.11.0.jar:/Users/nijataliyev/.m2/repository/com/squareup/okio/okio/1.14.0/okio-1.14.0.jar:/Users/nijataliyev/.m2/repository/io/github/bonigarcia/webdrivermanager/3.8.1/webdrivermanager-3.8.1.jar:/Users/nijataliyev/.m2/repository/com/google/code/gson/gson/2.8.5/gson-2.8.5.jar:/Users/nijataliyev/.m2/repository/org/apache/httpcomponents/httpclient/4.5.6/httpclient-4.5.6.jar:/Users/nijataliyev/.m2/repository/org/apache/httpcomponents/httpcore/4.4.10/httpcore-4.4.10.jar:/Users/nijataliyev/.m2/repository/commons-codec/commons-codec/1.10/commons-codec-1.10.jar:/Users/nijataliyev/.m2/repository/org/rauschig/jarchivelib/1.0.0/jarchivelib-1.0.0.jar:/Users/nijataliyev/.m2/repository/org/apache/commons/commons-compress/1.18/commons-compress-1.18.jar:/Users/nijataliyev/.m2/repository/org/slf4j/slf4j-api/1.7.30/slf4j-api-1.7.30.jar:/Users/nijataliyev/.m2/repository/net/masterthought/cucumber-reporting/5.1.1/cucumber-reporting-5.1.1.jar:/Users/nijataliyev/.m2/repository/com/fasterxml/jackson/core/jackson-databind/2.10.1/jackson-databind-2.10.1.jar:/Users/nijataliyev/.m2/repository/com/fasterxml/jackson/core/jackson-annotations/2.10.1/jackson-annotations-2.10.1.jar:/Users/nijataliyev/.m2/repository/com/fasterxml/jackson/core/jackson-core/2.10.1/jackson-core-2.10.1.jar:/Users/nijataliyev/.m2/repository/com/fasterxml/jackson/datatype/jackson-datatype-jsr310/2.10.1/jackson-datatype-jsr310-2.10.1.jar:/Users/nijataliyev/.m2/repository/org/apache/velocity/velocity-engine-core/2.1/velocity-engine-core-2.1.jar:/Users/nijataliyev/.m2/repository/commons-collections/commons-collections/3.2.2/commons-collections-3.2.2.jar:/Users/nijataliyev/.m2/repository/joda-time/joda-time/2.10.5/joda-time-2.10.5.jar:/Users/nijataliyev/.m2/repository/org/apache/commons/commons-lang3/3.9/commons-lang3-3.9.jar:/Users/nijataliyev/.m2/repository/commons-io/commons-io/2.6/commons-io-2.6.jar:/Users/nijataliyev/.m2/repository/org/codehaus/plexus/plexus-utils/3.3.0/plexus-utils-3.3.0.jar:/Users/nijataliyev/.m2/repository/org/jsoup/jsoup/1.12.1/jsoup-1.12.1.jar:/Users/nijataliyev/.m2/repository/com/googlecode/owasp-java-html-sanitizer/owasp-java-html-sanitizer/20191001.1/owasp-java-html-sanitizer-20191001.1.jar:/Users/nijataliyev/.m2/repository/commons-configuration/commons-configuration/1.10/commons-configuration-1.10.jar:/Users/nijataliyev/.m2/repository/commons-lang/commons-lang/2.6/commons-lang-2.6.jar:/Users/nijataliyev/.m2/repository/commons-logging/commons-logging/1.1.1/commons-logging-1.1.1.jar:"/>
    <property name="sun.cpu.endian" value="little"/>
    <property name="user.home" value="/Users/nijataliyev"/>
    <property name="user.language" value="en"/>
    <property name="java.specification.vendor" value="Oracle Corporation"/>
    <property name="java.home" value="/Library/Java/JavaVirtualMachines/jdk1.8.0_181.jdk/Contents/Home/jre"/>
    <property name="basedir" value="/Users/nijataliyev/eclipse-workspace/flow_maven"/>
    <property name="file.separator" value="/"/>
    <property name="line.separator" value="&#10;"/>
    <property name="java.vm.specification.vendor" value="Oracle Corporation"/>
    <property name="java.specification.name" value="Java Platform API Specification"/>
    <property name="java.awt.graphicsenv" value="sun.awt.CGraphicsEnvironment"/>
    <property name="surefire.real.class.path" value="/Users/nijataliyev/eclipse-workspace/flow_maven/target/surefire/surefirebooter9005201621261813739.jar"/>
    <property name="sun.boot.class.path" value="/Library/Java/JavaVirtualMachines/jdk1.8.0_181.jdk/Contents/Home/jre/lib/resources.jar:/Library/Java/JavaVirtualMachines/jdk1.8.0_181.jdk/Contents/Home/jre/lib/rt.jar:/Library/Java/JavaVirtualMachines/jdk1.8.0_181.jdk/Contents/Home/jre/lib/sunrsasign.jar:/Library/Java/JavaVirtualMachines/jdk1.8.0_181.jdk/Contents/Home/jre/lib/jsse.jar:/Library/Java/JavaVirtualMachines/jdk1.8.0_181.jdk/Contents/Home/jre/lib/jce.jar:/Library/Java/JavaVirtualMachines/jdk1.8.0_181.jdk/Contents/Home/jre/lib/charsets.jar:/Library/Java/JavaVirtualMachines/jdk1.8.0_181.jdk/Contents/Home/jre/lib/jfr.jar:/Library/Java/JavaVirtualMachines/jdk1.8.0_181.jdk/Contents/Home/jre/classes"/>
    <property name="sun.management.compiler" value="HotSpot 64-Bit Tiered Compilers"/>
    <property name="ftp.nonProxyHosts" value="local|*.local|169.254/16|*.169.254/16"/>
    <property name="java.runtime.version" value="1.8.0_181-b13"/>
    <property name="user.name" value="nijataliyev"/>
    <property name="path.separator" value=":"/>
    <property name="os.version" value="10.14.6"/>
    <property name="java.endorsed.dirs" value="/Library/Java/JavaVirtualMachines/jdk1.8.0_181.jdk/Contents/Home/jre/lib/endorsed"/>
    <property name="java.runtime.name" value="Java(TM) SE Runtime Environment"/>
    <property name="file.encoding" value="UTF-8"/>
    <property name="browser" value="chrome"/>
    <property name="java.vm.name" value="Java HotSpot(TM) 64-Bit Server VM"/>
    <property name="localRepository" value="/Users/nijataliyev/.m2/repository"/>
    <property name="cucumber.options" value="--tags @req_form"/>
    <property name="java.vendor.url.bug" value="http://bugreport.sun.com/bugreport/"/>
    <property name="java.io.tmpdir" value="/var/folders/xw/v5z1hhqn4vvbkchhc543z2bm0000gn/T/"/>
    <property name="java.version" value="1.8.0_181"/>
    <property name="user.dir" value="/Users/nijataliyev/eclipse-workspace/flow_maven"/>
    <property name="os.arch" value="x86_64"/>
    <property name="java.vm.specification.name" value="Java Virtual Machine Specification"/>
    <property name="java.awt.printerjob" value="sun.lwawt.macosx.CPrinterJob"/>
    <property name="url" value="https://dev.flowlyst.io/v-20200326132512/"/>
    <property name="sun.os.patch.level" value="unknown"/>
    <property name="java.library.path" value="/Users/nijataliyev/Library/Java/Extensions:/Library/Java/Extensions:/Network/Library/Java/Extensions:/System/Library/Java/Extensions:/usr/lib/java:."/>
    <property name="java.vm.info" value="mixed mode"/>
    <property name="java.vendor" value="Oracle Corporation"/>
    <property name="java.vm.version" value="25.181-b13"/>
    <property name="java.ext.dirs" value="/Users/nijataliyev/Library/Java/Extensions:/Library/Java/JavaVirtualMachines/jdk1.8.0_181.jdk/Contents/Home/jre/lib/ext:/Library/Java/Extensions:/Network/Library/Java/Extensions:/System/Library/Java/Extensions:/usr/lib/java"/>
    <property name="sun.io.unicode.encoding" value="UnicodeBig"/>
    <property name="java.class.version" value="52.0"/>
    <property name="buildDirectory" value="/Users/nijataliyev/eclipse-workspace/flow_maven/target"/>
    <property name="socksNonProxyHosts" value="local|*.local|169.254/16|*.169.254/16"/>
  </properties>
  <testcase name="Purchase Requision Form" classname="Purchase Requision Form" time="17.548">
    <failure message="Element should have focused {kp-link[data-action *= &apos;kp-request--save&apos;]}&#10;Element: &apos;&lt;kp-link class=&quot;button button-raised button-fill&quot; data-action=&quot;kp-request--save-items&quot;&gt;Save All&lt;/kp-link&gt;&apos;&#10;Actual value: Focused focusedElement: &lt;input class=&quot;kp-request--input input-focused input-with-value&quot; data-kp-item-input-id=&quot;price&quot; data-kp-item-input-value=&quot;2&quot; kp-sanitization=&quot;currency&quot; placeholder=&quot;Price per unit&quot; type=&quot;text&quot; value=&quot;2&quot;&gt;&lt;/input&gt;, current focusedElement: &lt;kp-link class=&quot;button button-raised button-fill&quot; data-action=&quot;kp-request--save-items&quot;&gt;Save All&lt;/kp-link&gt;&#10;Screenshot: file:/Users/nijataliyev/eclipse-workspace/flow_maven/build/reports/tests/1586670420436.0.png&#10;Page source: file:/Users/nijataliyev/eclipse-workspace/flow_maven/build/reports/tests/1586670420436.0.html&#10;Timeout: 4 s." type="com.codeborne.selenide.ex.ElementShould"><![CDATA[com.codeborne.selenide.ex.ElementShould: 
Element should have focused {kp-link[data-action *= 'kp-request--save']}
Element: '<kp-link class="button button-raised button-fill" data-action="kp-request--save-items">Save All</kp-link>'
Actual value: Focused focusedElement: <input class="kp-request--input input-focused input-with-value" data-kp-item-input-id="price" data-kp-item-input-value="2" kp-sanitization="currency" placeholder="Price per unit" type="text" value="2"></input>, current focusedElement: <kp-link class="button button-raised button-fill" data-action="kp-request--save-items">Save All</kp-link>
Screenshot: file:/Users/nijataliyev/eclipse-workspace/flow_maven/build/reports/tests/1586670420436.0.png
Page source: file:/Users/nijataliyev/eclipse-workspace/flow_maven/build/reports/tests/1586670420436.0.html
Timeout: 4 s.
]]></failure>
    <system-err><![CDATA[Apr 12, 2020 1:46:43 AM io.cucumber.core.options.CucumberPropertiesParser parse
WARNING: Passing commandline options via the property `cucumber.options` has been deprecatedin favour of explicitly using property names.
Please use these instead: [cucumber.ansi-colors.disabled, cucumber.execution.dry-run, cucumber.execution.limit, cucumber.execution.order, cucumber.execution.strict, cucumber.execution.wip, cucumber.features, cucumber.filter.name, cucumber.filter.tags, cucumber.glue, cucumber.object-factory, cucumber.plugin, cucumber.snippet-type]
Apr 12, 2020 1:46:43 AM io.cucumber.junit.Cucumber <init>
WARNING: By default Cucumber is running in --non-strict mode.
This default will change to --strict and --non-strict will be removed.
You can use --strict or @CucumberOptions(strict = true) to suppress this warning
SLF4J: Failed to load class "org.slf4j.impl.StaticLoggerBinder".
SLF4J: Defaulting to no-operation (NOP) logger implementation
SLF4J: See http://www.slf4j.org/codes.html#StaticLoggerBinder for further details.
Starting ChromeDriver 80.0.3987.106 (f68069574609230cf9b635cd784cfb1bf81bb53a-refs/branch-heads/3987@{#882}) on port 31487
Only local connections are allowed.
Please protect ports used by ChromeDriver and related test frameworks to prevent access by malicious code.
Apr 12, 2020 1:46:45 AM org.openqa.selenium.remote.ProtocolHandshake createSession
INFO: Detected dialect: W3C
[1586670406.227][SEVERE]: Timed out receiving message from renderer: 0.100
[1586670406.330][SEVERE]: Timed out receiving message from renderer: 0.100
[1586670406.441][SEVERE]: Timed out receiving message from renderer: 0.100
[1586670406.544][SEVERE]: Timed out receiving message from renderer: 0.100
[1586670406.653][SEVERE]: Timed out receiving message from renderer: 0.100
[1586670406.762][SEVERE]: Timed out receiving message from renderer: 0.100
[1586670407.009][SEVERE]: Timed out receiving message from renderer: 0.100
]]></system-err>
  </testcase>
</testsuite>